<?xml version="1.0" encoding="UTF-8"?>
<testsuite xmlns:xsi="http://www.w3.org/2001/XMLSchema-instance" xsi:noNamespaceSchemaLocation="https://maven.apache.org/surefire/maven-surefire-plugin/xsd/surefire-test-report-3.0.xsd" version="3.0" name="org.example.FechaTest" time="0.008" tests="13" errors="0" skipped="0" failures="0">
  <properties>
[...]
</properties>
  <testcase name="esValida_NoValida_FebreroNoBisiesto" classname="org.example.FechaTest" time="0.001"/>
  <testcase name="getDia" classname="org.example.FechaTest" time="0.001"/>
  <testcase name="getMes" classname="org.example.FechaTest" time="0"/>
  <testcase name="testToString" classname="org.example.FechaTest" time="0"/>
  <testcase name="setDia" classname="org.example.FechaTest" time="0"/>
  <testcase name="setMes" classname="org.example.FechaTest" time="0"/>
  <testcase name="esValida_NoValida_MesInvalido" classname="org.example.FechaTest" time="0"/>
  <testcase name="getAnio" classname="org.example.FechaTest" time="0.001"/>
  <testcase name="esValida_NoValida_AnioInvalido" classname="org.example.FechaTest" time="0.001"/>
  <testcase name="esValida_NoValida_DiaInvalido" classname="org.example.FechaTest" time="0"/>
  <testcase name="esValida" classname="org.example.FechaTest" time="0"/>
  <testcase name="setAnio" classname="org.example.FechaTest" time="0"/>
  <testcase name="esValida_Valida" classname="org.example.FechaTest" time="0"/>
</testsuite>